  Game.cpp
C:\Users\jboyc\OneDrive\Desktop\GamesNetworking\Project\Server\fun\Game.cpp(131,55): warning C4244: 'argument': conversion from 'sf::Int32' to 'float', possible loss of data
  main.cpp
C:\Users\jboyc\OneDrive\Desktop\GamesNetworking\Project\Server\fun\main.cpp(33,12): warning C4244: 'argument': conversion from 'time_t' to 'unsigned int', possible loss of data
  Player.cpp
  Host.cpp
  Generating Code...
Game.obj : error LNK2019: unresolved external symbol "__declspec(dllimport) public: int __cdecl sf::Time::asMilliseconds(void)const " (__imp_?asMilliseconds@Time@sf@@QEBAHXZ) referenced in function "private: void __cdecl Game::update(class sf::Time)" (?update@Game@@AEAAXVTime@sf@@@Z)
Game.obj : error LNK2019: unresolved external symbol "__declspec(dllimport) class sf::Time __cdecl sf::seconds(float)" (__imp_?seconds@sf@@YA?AVTime@1@M@Z) referenced in function "public: void __cdecl Game::run(void)" (?run@Game@@QEAAXXZ)
Game.obj : error LNK2019: unresolved external symbol "__declspec(dllimport) bool __cdecl sf::operator>(class sf::Time,class sf::Time)" (__imp_??Osf@@YA_NVTime@0@0@Z) referenced in function "public: void __cdecl Game::run(void)" (?run@Game@@QEAAXXZ)
Game.obj : error LNK2019: unresolved external symbol "__declspec(dllimport) class sf::Time & __cdecl sf::operator+=(class sf::Time &,class sf::Time)" (__imp_??Ysf@@YAAEAVTime@0@AEAV10@V10@@Z) referenced in function "public: void __cdecl Game::run(void)" (?run@Game@@QEAAXXZ)
Game.obj : error LNK2019: unresolved external symbol "__declspec(dllimport) class sf::Time & __cdecl sf::operator-=(class sf::Time &,class sf::Time)" (__imp_??Zsf@@YAAEAVTime@0@AEAV10@V10@@Z) referenced in function "public: void __cdecl Game::run(void)" (?run@Game@@QEAAXXZ)
Game.obj : error LNK2019: unresolved external symbol "__declspec(dllimport) public: __cdecl sf::Clock::Clock(void)" (__imp_??0Clock@sf@@QEAA@XZ) referenced in function "public: void __cdecl Game::run(void)" (?run@Game@@QEAAXXZ)
Game.obj : error LNK2019: unresolved external symbol "__declspec(dllimport) public: class sf::Time __cdecl sf::Clock::restart(void)" (__imp_?restart@Clock@sf@@QEAA?AVTime@2@XZ) referenced in function "public: void __cdecl Game::run(void)" (?run@Game@@QEAAXXZ)
Game.obj : error LNK2019: unresolved external symbol "__declspec(dllimport) public: __cdecl sf::String::String(char const *,class std::locale const &)" (__imp_??0String@sf@@QEAA@PEBDAEBVlocale@std@@@Z) referenced in function "public: __cdecl Game::Game(void)" (??0Game@@QEAA@XZ)
Game.obj : error LNK2019: unresolved external symbol "__declspec(dllimport) public: __cdecl sf::String::~String(void)" (__imp_??1String@sf@@QEAA@XZ) referenced in function "public: __cdecl Game::Game(void)" (??0Game@@QEAA@XZ)
Game.obj : error LNK2019: unresolved external symbol "__declspec(dllimport) public: __cdecl sf::VideoMode::VideoMode(unsigned int,unsigned int,unsigned int)" (__imp_??0VideoMode@sf@@QEAA@III@Z) referenced in function "public: __cdecl Game::Game(void)" (??0Game@@QEAA@XZ)
Game.obj : error LNK2019: unresolved external symbol "__declspec(dllimport) public: void __cdecl sf::Window::close(void)" (__imp_?close@Window@sf@@QEAAXXZ) referenced in function "private: void __cdecl Game::update(class sf::Time)" (?update@Game@@AEAAXVTime@sf@@@Z)
Game.obj : error LNK2019: unresolved external symbol "__declspec(dllimport) public: bool __cdecl sf::Window::isOpen(void)const " (__imp_?isOpen@Window@sf@@QEBA_NXZ) referenced in function "public: void __cdecl Game::run(void)" (?run@Game@@QEAAXXZ)
Game.obj : error LNK2019: unresolved external symbol "__declspec(dllimport) public: bool __cdecl sf::Window::pollEvent(class sf::Event &)" (__imp_?pollEvent@Window@sf@@QEAA_NAEAVEvent@2@@Z) referenced in function "private: void __cdecl Game::processEvents(void)" (?processEvents@Game@@AEAAXXZ)
Game.obj : error LNK2019: unresolved external symbol "__declspec(dllimport) public: void __cdecl sf::Window::display(void)" (__imp_?display@Window@sf@@QEAAXXZ) referenced in function "private: void __cdecl Game::render(void)" (?render@Game@@AEAAXXZ)
Game.obj : error LNK2019: unresolved external symbol "__declspec(dllimport) public: class sf::Rect<float> __cdecl sf::Shape::getGlobalBounds(void)const " (__imp_?getGlobalBounds@Shape@sf@@QEBA?AV?$Rect@M@2@XZ) referenced in function "private: class std::vector<struct UpdatePacket,class std::allocator<struct UpdatePacket> > __cdecl Game::checkForCollision(class std::vector<struct UpdatePacket,class std::allocator<struct UpdatePacket> >)" (?checkForCollision@Game@@AEAA?AV?$vector@UUpdatePacket@@V?$allocator@UUpdatePacket@@@std@@@std@@V23@@Z)
Game.obj : error LNK2019: unresolved external symbol "__declspec(dllimport) public: virtual __cdecl sf::CircleShape::~CircleShape(void)" (__imp_??1CircleShape@sf@@UEAA@XZ) referenced in function "int `public: __cdecl Player::Player(class dtor$0 &&)'::`1'::dtor$0" (?dtor$0@?0???0Player@@QEAA@$$QEAV0@@Z@4HA)
Player.obj : error LNK2001: unresolved external symbol "__declspec(dllimport) public: virtual __cdecl sf::CircleShape::~CircleShape(void)" (__imp_??1CircleShape@sf@@UEAA@XZ)
Game.obj : error LNK2019: unresolved external symbol "__declspec(dllimport) public: __cdecl sf::CircleShape::CircleShape(class sf::CircleShape const &)" (__imp_??0CircleShape@sf@@QEAA@AEBV01@@Z) referenced in function "public: __cdecl Player::Player(class Player const &)" (??0Player@@QEAA@AEBV0@@Z)
Game.obj : error LNK2019: unresolved external symbol "__declspec(dllimport) public: __cdecl sf::CircleShape::CircleShape(class sf::CircleShape &&)" (__imp_??0CircleShape@sf@@QEAA@$$QEAV01@@Z) referenced in function "public: __cdecl Player::Player(class Player &&)" (??0Player@@QEAA@$$QEAV0@@Z)
Game.obj : error LNK2019: unresolved external symbol "__declspec(dllimport) public: void __cdecl sf::RenderTarget::clear(class sf::Color const &)" (__imp_?clear@RenderTarget@sf@@QEAAXAEBVColor@2@@Z) referenced in function "private: void __cdecl Game::render(void)" (?render@Game@@AEAAXXZ)
Game.obj : error LNK2019: unresolved external symbol "__declspec(dllimport) public: __cdecl sf::RenderWindow::RenderWindow(class sf::VideoMode,class sf::String const &,unsigned int,struct sf::ContextSettings const &)" (__imp_??0RenderWindow@sf@@QEAA@VVideoMode@1@AEBVString@1@IAEBUContextSettings@1@@Z) referenced in function "public: __cdecl Game::Game(void)" (??0Game@@QEAA@XZ)
Game.obj : error LNK2019: unresolved external symbol "__declspec(dllimport) public: virtual __cdecl sf::RenderWindow::~RenderWindow(void)" (__imp_??1RenderWindow@sf@@UEAA@XZ) referenced in function "int `public: __cdecl Game::Game(void)'::`1'::dtor$2" (?dtor$2@?0???0Game@@QEAA@XZ@4HA)
Game.obj : error LNK2019: unresolved external symbol "__declspec(dllimport) public: static class sf::Time const sf::Time::Zero" (__imp_?Zero@Time@sf@@2V12@B) referenced in function "public: void __cdecl Game::run(void)" (?run@Game@@QEAAXXZ)
Game.obj : error LNK2019: unresolved external symbol "__declspec(dllimport) public: static class sf::Color const sf::Color::Black" (__imp_?Black@Color@sf@@2V12@B) referenced in function "private: void __cdecl Game::render(void)" (?render@Game@@AEAAXXZ)
Player.obj : error LNK2019: unresolved external symbol "__declspec(dllimport) public: static bool __cdecl sf::Keyboard::isKeyPressed(enum sf::Keyboard::Key)" (__imp_?isKeyPressed@Keyboard@sf@@SA_NW4Key@12@@Z) referenced in function "public: void __cdecl Player::checkForInput(float)" (?checkForInput@Player@@QEAAXM@Z)
Player.obj : error LNK2019: unresolved external symbol "__declspec(dllimport) public: void __cdecl sf::Transformable::setPosition(class sf::Vector2<float> const &)" (__imp_?setPosition@Transformable@sf@@QEAAXAEBV?$Vector2@M@2@@Z) referenced in function "public: __cdecl Player::Player(enum Color,class sf::Vector2<float>)" (??0Player@@QEAA@W4Color@@V?$Vector2@M@sf@@@Z)
Player.obj : error LNK2019: unresolved external symbol "__declspec(dllimport) public: void __cdecl sf::Transformable::setRotation(float)" (__imp_?setRotation@Transformable@sf@@QEAAXM@Z) referenced in function "public: void __cdecl Player::checkForInput(float)" (?checkForInput@Player@@QEAAXM@Z)
Player.obj : error LNK2019: unresolved external symbol "__declspec(dllimport) public: void __cdecl sf::Transformable::setOrigin(class sf::Vector2<float> const &)" (__imp_?setOrigin@Transformable@sf@@QEAAXAEBV?$Vector2@M@2@@Z) referenced in function "public: __cdecl Player::Player(enum Color,class sf::Vector2<float>)" (??0Player@@QEAA@W4Color@@V?$Vector2@M@sf@@@Z)
Player.obj : error LNK2019: unresolved external symbol "__declspec(dllimport) public: __cdecl sf::Color::Color(void)" (__imp_??0Color@sf@@QEAA@XZ) referenced in function "public: __cdecl std::pair<enum Color const ,class sf::Color>::pair<enum Color const ,class sf::Color><class std::tuple<enum Color const &>,class std::tuple<>,0>(class std::tuple<enum Color const &> &,class std::tuple<> &,struct std::integer_sequence<unsigned __int64,0>,struct std::integer_sequence<unsigned __int64>)" (??$?0V?$tuple@AEBW4Color@@@std@@V?$tuple@$$V@1@$0A@$$Z$S@?$pair@$$CBW4Color@@V1sf@@@std@@QEAA@AEAV?$tuple@AEBW4Color@@@1@AEAV?$tuple@$$V@1@U?$integer_sequence@_K$0A@@1@U?$integer_sequence@_K$S@1@@Z)
Player.obj : error LNK2019: unresolved external symbol "__declspec(dllimport) public: void __cdecl sf::Shape::setFillColor(class sf::Color const &)" (__imp_?setFillColor@Shape@sf@@QEAAXAEBVColor@2@@Z) referenced in function "public: __cdecl Player::Player(enum Color,class sf::Vector2<float>)" (??0Player@@QEAA@W4Color@@V?$Vector2@M@sf@@@Z)
Player.obj : error LNK2019: unresolved external symbol "__declspec(dllimport) public: __cdecl sf::CircleShape::CircleShape(float,unsigned __int64)" (__imp_??0CircleShape@sf@@QEAA@M_K@Z) referenced in function "public: __cdecl Player::Player(enum Color,class sf::Vector2<float>)" (??0Player@@QEAA@W4Color@@V?$Vector2@M@sf@@@Z)
Player.obj : error LNK2019: unresolved external symbol "__declspec(dllimport) public: void __cdecl sf::CircleShape::setRadius(float)" (__imp_?setRadius@CircleShape@sf@@QEAAXM@Z) referenced in function "public: __cdecl Player::Player(enum Color,class sf::Vector2<float>)" (??0Player@@QEAA@W4Color@@V?$Vector2@M@sf@@@Z)
Player.obj : error LNK2019: unresolved external symbol "__declspec(dllimport) public: void __cdecl sf::RenderTarget::draw(class sf::Drawable const &,class sf::RenderStates const &)" (__imp_?draw@RenderTarget@sf@@QEAAXAEBVDrawable@2@AEBVRenderStates@2@@Z) referenced in function "public: void __cdecl Player::draw(class sf::RenderWindow &)" (?draw@Player@@QEAAXAEAVRenderWindow@sf@@@Z)
Player.obj : error LNK2019: unresolved external symbol "__declspec(dllimport) public: static class sf::RenderStates const sf::RenderStates::Default" (__imp_?Default@RenderStates@sf@@2V12@B) referenced in function "public: void __cdecl Player::draw(class sf::RenderWindow &)" (?draw@Player@@QEAAXAEAVRenderWindow@sf@@@Z)
Player.obj : error LNK2019: unresolved external symbol "__declspec(dllimport) public: static class sf::Color const sf::Color::Red" (__imp_?Red@Color@sf@@2V12@B) referenced in function "public: __cdecl Player::Player(enum Color,class sf::Vector2<float>)" (??0Player@@QEAA@W4Color@@V?$Vector2@M@sf@@@Z)
Player.obj : error LNK2019: unresolved external symbol "__declspec(dllimport) public: static class sf::Color const sf::Color::Green" (__imp_?Green@Color@sf@@2V12@B) referenced in function "public: __cdecl Player::Player(enum Color,class sf::Vector2<float>)" (??0Player@@QEAA@W4Color@@V?$Vector2@M@sf@@@Z)
Player.obj : error LNK2019: unresolved external symbol "__declspec(dllimport) public: static class sf::Color const sf::Color::Blue" (__imp_?Blue@Color@sf@@2V12@B) referenced in function "public: __cdecl Player::Player(enum Color,class sf::Vector2<float>)" (??0Player@@QEAA@W4Color@@V?$Vector2@M@sf@@@Z)
Player.obj : error LNK2019: unresolved external symbol "__declspec(dllimport) public: static class sf::Color const sf::Color::Yellow" (__imp_?Yellow@Color@sf@@2V12@B) referenced in function "public: __cdecl Player::Player(enum Color,class sf::Vector2<float>)" (??0Player@@QEAA@W4Color@@V?$Vector2@M@sf@@@Z)
C:\SFML-2.5.1\lib\sfml-graphics-d.lib : warning LNK4272: library machine type 'x86' conflicts with target machine type 'x64'
C:\SFML-2.5.1\lib\sfml-audio-d.lib : warning LNK4272: library machine type 'x86' conflicts with target machine type 'x64'
C:\SFML-2.5.1\lib\sfml-system-d.lib : warning LNK4272: library machine type 'x86' conflicts with target machine type 'x64'
C:\SFML-2.5.1\lib\sfml-window-d.lib : warning LNK4272: library machine type 'x86' conflicts with target machine type 'x64'
C:\SFML-2.5.1\lib\sfml-network-d.lib : warning LNK4272: library machine type 'x86' conflicts with target machine type 'x64'
C:\Users\jboyc\OneDrive\Desktop\GamesNetworking\Project\Server\x64\Debug\fun.exe : fatal error LNK1120: 37 unresolved externals
